<?xml version="1.0" encoding="UTF-8"?>
<testsuite name="com.bloomtech.welcomeletter.MasteryTask_2_ClassDiagrams" tests="9" skipped="0" failures="0" errors="0" timestamp="2022-10-14T06:52:44" hostname="MININT-TCFPB5L" time="0.217">
  <properties/>
  <testcase name="servicesClassDiagram_containsMethods()" classname="com.bloomtech.welcomeletter.MasteryTask_2_ClassDiagrams" time="0.047"/>
  <testcase name="modelsClassDiagram_companyContainsFields()" classname="com.bloomtech.welcomeletter.MasteryTask_2_ClassDiagrams" time="0.01"/>
  <testcase name="modelsClassDiagram_employeeContainsFields()" classname="com.bloomtech.welcomeletter.MasteryTask_2_ClassDiagrams" time="0.005"/>
  <testcase name="[1] Role" classname="com.bloomtech.welcomeletter.MasteryTask_2_ClassDiagrams" time="0.043"/>
  <testcase name="[1] Employee" classname="com.bloomtech.welcomeletter.MasteryTask_2_ClassDiagrams" time="0.003"/>
  <testcase name="[2] Company" classname="com.bloomtech.welcomeletter.MasteryTask_2_ClassDiagrams" time="0.003"/>
  <testcase name="modelsClassDiagram_containsRelationshipEmployeeToRole()" classname="com.bloomtech.welcomeletter.MasteryTask_2_ClassDiagrams" time="0.015"/>
  <testcase name="modelsClassDiagram_containsRelationshipEmployeeToCompany()" classname="com.bloomtech.welcomeletter.MasteryTask_2_ClassDiagrams" time="0.004"/>
  <testcase name="servicesClassDiagram_containsRelationships()" classname="com.bloomtech.welcomeletter.MasteryTask_2_ClassDiagrams" time="0.013"/>
  <system-out><![CDATA[]]></system-out>
  <system-err><![CDATA[]]></system-err>
</testsuite>
